
 Time (years):  100000000.0000000

              a        e       i      mass    Rot/day  Obl

 P1                          5.1578 0.00732   0.541 9.5400E-04  0.000   0.54
 P2                         10.8949 0.01174   1.218 2.8600E-04  0.000   1.22
 S496                       14.8125 0.23084  31.320 6.0000E-08  0.000  31.32
 P3                         15.6046 0.07047   1.224 4.3700E-05  0.000   1.22
 S37                        17.0022 0.45106  26.046 6.0000E-08  0.000  26.05
 S43                        20.1576 0.20135   6.305 6.0000E-08  0.000   6.30
 P4                         26.2912 0.01170   0.373 5.1500E-05  0.000   0.37
 S315                       27.0995 0.46622  37.547 6.0000E-08  0.000  37.55
 S291                       30.7183 0.42105  28.971 6.0000E-08  0.000  28.97
 S171                       31.2896 0.03565   7.659 6.0000E-08  0.000   7.66
 S73                        31.5843 0.65305  15.350 6.0000E-08  0.000  15.35
 S379                       31.7075 0.07733   7.678 6.0000E-08  0.000   7.68
 S407                       32.4185 0.12208   5.401 6.0000E-08  0.000   5.40
 S360                       34.0659 0.10350   2.416 6.0000E-08  0.000   2.42
 S344                       34.3843 0.20542   2.440 6.0000E-08  0.000   2.44
 S437                       34.6273 0.15814   6.468 6.0000E-08  0.000   6.47
 S369                       34.7364 0.36538  22.070 6.0000E-08  0.000  22.07
 S39                        35.5058 0.08322   6.425 6.0000E-08  0.000   6.43
 S270                       36.7427 0.17627  11.601 6.0000E-08  0.000  11.60
 S198                       37.1562 0.21325   8.313 6.0000E-08  0.000   8.31
 S268                       37.2193 0.14517   2.359 6.0000E-08  0.000   2.36
 S341                       37.5094 0.22198   9.455 6.0000E-08  0.000   9.45
 S2                         37.5977 0.20329   9.771 6.0000E-08  0.000   9.77
 S415                       37.8006 0.06318  11.397 6.0000E-08  0.000  11.40
 S100                       38.1364 0.16221   3.503 6.0000E-08  0.000   3.50
 S174                       40.8184 0.62526  14.024 6.0000E-08  0.000  14.02
 S89                        40.8965 0.24735   0.719 6.0000E-08  0.000   0.72
 S328                       41.5871 0.38710   3.013 6.0000E-08  0.000   3.01
 S104                       42.5558 0.36093  10.486 6.0000E-08  0.000  10.49
 S151                       45.3047 0.36200  16.196 6.0000E-08  0.000  16.20
 S190                       45.6461 0.68902  19.374 6.0000E-08  0.000  19.37
 S347                       46.2590 0.36798   5.980 6.0000E-08  0.000   5.98
 S321                       47.2745 0.40965   2.960 6.0000E-08  0.000   2.96
 S406                       49.9915 0.61967  23.025 6.0000E-08  0.000  23.02
 S497                       51.3140 0.44435  17.821 6.0000E-08  0.000  17.82
 S424                       56.4394 0.50474  17.060 6.0000E-08  0.000  17.06
 S66                        64.7545 0.59104  25.447 6.0000E-08  0.000  25.45
 S435                       72.5799 0.61766   7.529 6.0000E-08  0.000   7.53
 S196                       73.4680 0.62408  11.726 6.0000E-08  0.000  11.73
 S231                       98.4317 0.73001  12.536 6.0000E-08  0.000  12.54
 S294                      117.8635 0.75851   1.531 6.0000E-08  0.000   1.53
 S234                      120.6408 0.78395   8.270 6.0000E-08  0.000   8.27
 S340                      120.9608 0.77766   1.205 6.0000E-08  0.000   1.21
 S244                      121.8541 0.79658   5.440 6.0000E-08  0.000   5.44
 S432                      123.3502 0.82712   8.118 6.0000E-08  0.000   8.12
 S201                      124.4489 0.84820  14.822 6.0000E-08  0.000  14.82
 S148                      133.2335 0.78971  12.006 6.0000E-08  0.000  12.01
 S61                       133.9212 0.81073   9.153 6.0000E-08  0.000   9.15
 S442                      135.3486 0.80166   5.917 6.0000E-08  0.000   5.92
 S327                      139.0835 0.84950   4.702 6.0000E-08  0.000   4.70
 S465                      157.2489 0.83141   4.613 6.0000E-08  0.000   4.61
 S238                      229.5505 0.90734   5.125 6.0000E-08  0.000   5.13
