
 Time (years):  100000000.0000000

              a        e       i      mass    Rot/day  Obl

 P1                          4.9500 0.04173   0.585 9.5400E-04  0.000   0.58
 S983                       10.6942 0.38819  16.016 1.5000E-08  0.000  16.02
 P2                         11.0776 0.06226   1.360 2.8600E-04  0.000   1.36
 P4                         17.7729 0.07710   2.478 4.3700E-05  0.000   2.48
 S255                       20.6685 0.70613  14.476 1.5000E-08  0.000  14.48
 S703                       21.2109 0.17217  27.865 1.5000E-08  0.000  27.86
 S770                       21.2131 0.39025  42.954 1.5000E-08  0.000  42.95
 S737                       23.9994 0.18593  12.816 1.5000E-08  0.000  12.82
 S890                       26.2024 0.48579   4.075 1.5000E-08  0.000   4.07
 S468                       27.2574 0.28860  15.345 1.5000E-08  0.000  15.34
 S29                        27.4645 0.44014  24.191 1.5000E-08  0.000  24.19
 S655                       27.7153 0.50166  22.879 1.5000E-08  0.000  22.88
 P3                         29.0066 0.05330   2.068 4.3700E-05  0.000   2.07
 S267                       29.6508 0.31268  22.393 1.5000E-08  0.000  22.39
 S676                       31.0364 0.27509   9.208 1.5000E-08  0.000   9.21
 S999                       31.1315 0.23402  11.512 1.5000E-08  0.000  11.51
 S912                       33.2929 0.24878  43.233 1.5000E-08  0.000  43.23
 S505                       33.4516 0.33299  37.854 1.5000E-08  0.000  37.85
 S732                       34.1102 0.08138  23.999 1.5000E-08  0.000  24.00
 S326                       35.1016 0.16834  16.244 1.5000E-08  0.000  16.24
 S804                       35.5600 0.15609  32.248 1.5000E-08  0.000  32.25
 S568                       35.9007 0.09712  22.011 1.5000E-08  0.000  22.01
 S554                       36.7320 0.24347  27.282 1.5000E-08  0.000  27.28
 S504                       37.8207 0.32220  38.305 1.5000E-08  0.000  38.30
 S784                       38.2028 0.05805  20.170 1.5000E-08  0.000  20.17
 S386                       39.2517 0.21560   9.466 1.5000E-08  0.000   9.47
 S738                       39.3443 0.29230  25.333 1.5000E-08  0.000  25.33
 S23                        40.2693 0.42140  13.989 1.5000E-08  0.000  13.99
 S661                       42.2164 0.30112  15.398 1.5000E-08  0.000  15.40
 S903                       42.3243 0.21544  19.618 1.5000E-08  0.000  19.62
 S998                       42.7566 0.44737  40.131 1.5000E-08  0.000  40.13
 S910                       42.9058 0.53111  14.197 1.5000E-08  0.000  14.20
 S234                       43.2349 0.51907  15.809 1.5000E-08  0.000  15.81
 S312                       43.6192 0.41003  14.292 1.5000E-08  0.000  14.29
 S547                       44.7045 0.12552  16.407 1.5000E-08  0.000  16.41
 S30                        45.1234 0.24915  14.329 1.5000E-08  0.000  14.33
 S278                       46.8289 0.19998  10.882 1.5000E-08  0.000  10.88
 S569                       46.8735 0.74304  25.494 1.5000E-08  0.000  25.49
 S138                       47.2790 0.31448  26.689 1.5000E-08  0.000  26.69
 S773                       47.5027 0.32375  17.153 1.5000E-08  0.000  17.15
 S601                       48.0990 0.42528  14.377 1.5000E-08  0.000  14.38
 S165                       48.4863 0.43901  27.890 1.5000E-08  0.000  27.89
 S215                       49.1773 0.47313   5.745 1.5000E-08  0.000   5.74
 S988                       49.2225 0.54035  41.204 1.5000E-08  0.000  41.20
 S81                        49.2317 0.43938  26.078 1.5000E-08  0.000  26.08
 S517                       49.3294 0.50609  13.177 1.5000E-08  0.000  13.18
 S916                       49.6363 0.37460  31.548 1.5000E-08  0.000  31.55
 S909                       49.7644 0.27217  16.458 1.5000E-08  0.000  16.46
 S520                       50.2357 0.35816  10.300 1.5000E-08  0.000  10.30
 S821                       50.6796 0.37747   7.946 1.5000E-08  0.000   7.95
 S346                       51.5455 0.55057  19.116 1.5000E-08  0.000  19.12
 S911                       52.5626 0.41396  18.393 1.5000E-08  0.000  18.39
 S119                       54.4328 0.35443  21.332 1.5000E-08  0.000  21.33
 S672                       54.5509 0.44332  23.544 1.5000E-08  0.000  23.54
 S585                       54.6263 0.38254  31.703 1.5000E-08  0.000  31.70
 S973                       55.3651 0.38675  22.785 1.5000E-08  0.000  22.79
 S98                        56.1984 0.36579   7.034 1.5000E-08  0.000   7.03
 S875                       56.6618 0.50321  27.218 1.5000E-08  0.000  27.22
 S207                       58.3387 0.73594  21.832 1.5000E-08  0.000  21.83
 S103                       58.7414 0.47361  27.101 1.5000E-08  0.000  27.10
 S512                       59.6122 0.52503   9.871 1.5000E-08  0.000   9.87
 S284                       60.1010 0.64305  23.809 1.5000E-08  0.000  23.81
 S88                        60.2616 0.55153  17.842 1.5000E-08  0.000  17.84
 S464                       60.5890 0.47079   2.734 1.5000E-08  0.000   2.73
 S935                       61.1421 0.45547  21.000 1.5000E-08  0.000  21.00
 S9                         62.2010 0.48099  23.009 1.5000E-08  0.000  23.01
 S887                       62.9559 0.58446  16.656 1.5000E-08  0.000  16.66
 S760                       63.5286 0.49944  11.410 1.5000E-08  0.000  11.41
 S683                       64.0152 0.69478  24.289 1.5000E-08  0.000  24.29
 S2                         65.0700 0.45489  10.567 1.5000E-08  0.000  10.57
 S187                       65.8456 0.72039  26.800 1.5000E-08  0.000  26.80
 S428                       66.4336 0.72381  24.812 1.5000E-08  0.000  24.81
 S95                        66.9354 0.55558  14.319 1.5000E-08  0.000  14.32
 S72                        67.5354 0.61948  27.959 1.5000E-08  0.000  27.96
 S388                       69.8166 0.62838  27.276 1.5000E-08  0.000  27.28
 S351                       70.5937 0.57611  26.828 1.5000E-08  0.000  26.83
 S389                       70.8178 0.58948  11.874 1.5000E-08  0.000  11.87
 S702                       71.1554 0.61923  24.238 1.5000E-08  0.000  24.24
 S577                       71.5123 0.55505  22.770 1.5000E-08  0.000  22.77
 S172                       71.5356 0.64324  20.253 1.5000E-08  0.000  20.25
 S820                       72.6925 0.57205  17.656 1.5000E-08  0.000  17.66
 S604                       72.7212 0.61594  13.410 1.5000E-08  0.000  13.41
 S898                       73.4232 0.62785   9.684 1.5000E-08  0.000   9.68
 S316                       73.7111 0.68056   1.935 1.5000E-08  0.000   1.93
 S693                       73.7981 0.63464  34.309 1.5000E-08  0.000  34.31
 S360                       76.5486 0.59930   9.530 1.5000E-08  0.000   9.53
 S322                       77.5780 0.75334  29.994 1.5000E-08  0.000  29.99
 S186                       78.2512 0.58883  17.889 1.5000E-08  0.000  17.89
 S110                       78.4842 0.58757   7.947 1.5000E-08  0.000   7.95
 S633                       78.9129 0.63562  28.699 1.5000E-08  0.000  28.70
 S563                       79.0793 0.63425   9.580 1.5000E-08  0.000   9.58
 S977                       79.5846 0.66671  33.251 1.5000E-08  0.000  33.25
 S846                       79.5934 0.57974  23.999 1.5000E-08  0.000  24.00
 S768                       82.7623 0.63064  10.830 1.5000E-08  0.000  10.83
 S244                       82.7814 0.73765  14.022 1.5000E-08  0.000  14.02
 S457                       82.8233 0.77027  20.521 1.5000E-08  0.000  20.52
 S726                       82.9879 0.73206   5.096 1.5000E-08  0.000   5.10
 S816                       83.6944 0.64964   9.278 1.5000E-08  0.000   9.28
 S949                       84.0224 0.72226  27.641 1.5000E-08  0.000  27.64
 S472                       84.5083 0.66065  11.287 1.5000E-08  0.000  11.29
 S59                        85.3863 0.68295  19.088 1.5000E-08  0.000  19.09
 S48                        89.4183 0.63223  16.836 1.5000E-08  0.000  16.84
 S662                       89.6923 0.63630  17.839 1.5000E-08  0.000  17.84
 S559                       89.8581 0.70264  10.771 1.5000E-08  0.000  10.77
 S722                       89.9507 0.68660  31.907 1.5000E-08  0.000  31.91
 S191                       91.5509 0.82104  11.355 1.5000E-08  0.000  11.35
 S516                       94.3510 0.82072  42.501 1.5000E-08  0.000  42.50
 S305                       95.4241 0.70439  13.817 1.5000E-08  0.000  13.82
 S534                       97.9717 0.76634  19.077 1.5000E-08  0.000  19.08
 S338                       99.5254 0.72257  27.885 1.5000E-08  0.000  27.89
 S262                      100.1012 0.74473  13.320 1.5000E-08  0.000  13.32
 S538                      100.1385 0.70591  27.482 1.5000E-08  0.000  27.48
 S807                      101.2824 0.67809  12.333 1.5000E-08  0.000  12.33
 S701                      103.3433 0.74775  19.780 1.5000E-08  0.000  19.78
 S288                      104.7388 0.71840   5.847 1.5000E-08  0.000   5.85
 S823                      104.8299 0.70898  14.694 1.5000E-08  0.000  14.69
 S739                      104.8755 0.78480  11.199 1.5000E-08  0.000  11.20
 S848                      105.8849 0.74150  11.348 1.5000E-08  0.000  11.35
 S968                      105.9347 0.70775  23.084 1.5000E-08  0.000  23.08
 S223                      106.2023 0.81018  15.905 1.5000E-08  0.000  15.90
 S303                      107.8765 0.69520   9.218 1.5000E-08  0.000   9.22
 S364                      109.0489 0.72617  15.248 1.5000E-08  0.000  15.25
 S296                      110.7129 0.72894  15.224 1.5000E-08  0.000  15.22
 S77                       111.1073 0.77428  17.834 1.5000E-08  0.000  17.83
 S325                      111.5280 0.73241  24.614 1.5000E-08  0.000  24.61
 S838                      111.9154 0.73210  15.937 1.5000E-08  0.000  15.94
 S671                      113.0756 0.73777  18.923 1.5000E-08  0.000  18.92
 S885                      113.9405 0.74604  23.451 1.5000E-08  0.000  23.45
 S926                      114.2264 0.73813   5.432 1.5000E-08  0.000   5.43
 S221                      114.8835 0.77598  22.472 1.5000E-08  0.000  22.47
 S362                      118.0874 0.78552   8.715 1.5000E-08  0.000   8.72
 S13                       120.2654 0.76616  16.524 1.5000E-08  0.000  16.52
 S297                      120.5703 0.75792  13.146 1.5000E-08  0.000  13.15
 S855                      120.6505 0.75957  13.702 1.5000E-08  0.000  13.70
 S917                      122.5436 0.76263  13.963 1.5000E-08  0.000  13.96
 S144                      124.4209 0.73874  14.692 1.5000E-08  0.000  14.69
 S217                      126.7643 0.80022   2.036 1.5000E-08  0.000   2.04
 S279                      127.6552 0.77944  26.044 1.5000E-08  0.000  26.04
 S647                      130.1954 0.82955   8.341 1.5000E-08  0.000   8.34
 S201                      135.3643 0.80799   5.061 1.5000E-08  0.000   5.06
 S238                      139.6037 0.79191   9.326 1.5000E-08  0.000   9.33
 S930                      142.1203 0.81384   6.679 1.5000E-08  0.000   6.68
 S260                      158.1147 0.79596  25.281 1.5000E-08  0.000  25.28
 S939                      162.3075 0.95194   3.360 1.5000E-08  0.000   3.36
 S480                      171.4775 0.89217   9.607 1.5000E-08  0.000   9.61
 S819                      174.5026 0.86351  11.399 1.5000E-08  0.000  11.40
 S133                      183.7305 0.88364  22.291 1.5000E-08  0.000  22.29
 S686                      201.5046 0.87048  17.955 1.5000E-08  0.000  17.96
