
           Integration parameters
           ----------------------

   Algorithm: Hybrid symplectic integrator (mixed coordinates)

   Integration start epoch:               0.0000000 days 
   Integration stop  epoch:     36525000000.0000000
   Output interval:                36525000.000
   Output precision:                 medium

   Initial timestep:              100.000 days 
   Accuracy parameter:              1.0000E-12
   Central mass:                    1.0000E+00 solar masses
   J_2:                              0.0000E+00
   J_4:                              0.0000E+00
   J_6:                              0.0000E+00
   Ejection distance:               5.0000E+02 AU
   Radius of central body:          5.0000E-03 AU

   Includes collisions:                 no 
   Includes fragmentation:              no 
   Includes relativity:                 no 
   Includes user-defined force routine: no 

   Number of Big bodies:        4
   Number of Small bodies:   1000


           Integration details
           -------------------

   Initial energy:           -3.29366E-08 solar masses AU^2 day^-2 
   Initial angular momentum:  6.11020E-05 solar masses AU^2 day^-1 

   Integrating massive bodies and particles up to the same epoch.

   Beginning the main integration.

 S147                      ejected at      92903  1 17.50000
 S596                      ejected at     222719  4  7.50000
 S363                      ejected at     296542  7 18.50000
 S474                      ejected at     305577 11 29.50000
 S943                      ejected at     310549  9  4.50000
 S249                      ejected at     311631  2 24.50000
 S745                      ejected at     338587 10  5.50000
 S681                      ejected at     352678  9  3.50000
 S379                      ejected at     356251 12  1.50000
 S920                      ejected at     364455 10 12.50000
 S447                      ejected at     370127  8 18.50000
 S879                      ejected at     370766  8 28.50000
 S575                      ejected at     390972  2 19.50000
 S18                       ejected at     409848  5 12.50000
 S280                      ejected at     429953  8 20.50000
 S723                      ejected at     430040 12 21.50000
 S531                      ejected at     433656  8 26.50000
 S793                      ejected at     434107  1 15.50000
 S777                      ejected at     435659 12 24.50000
 S354                      ejected at     437249  8 10.50000
 S654                      ejected at     443507  8 24.50000
 S359                      ejected at     447860 11 30.50000
 S427                      ejected at     459633  2  3.50000
 S641                      ejected at     462925 12 22.50000
 S211                      ejected at     467999  8  4.50000
 S613                      ejected at     493163  2 23.50000
 S797                      ejected at     517897  9  2.50000
 S145                      ejected at     524841  4 11.50000
 S808                      ejected at     532734  5 23.50000
 S317                      ejected at     541167  6  2.50000
 S90                       ejected at     545681  2 16.50000
 S843                      ejected at     559165 11 14.50000
 S274                      ejected at     562896 10 24.50000
 S835                      ejected at     569543  8 20.50000
 S235                      ejected at     587573  7 28.50000
 S840                      ejected at     600703  3 17.50000
 S356                      ejected at     616389 10  8.50000
 S417                      ejected at     624030  6 12.50000
 S460                      ejected at     626598  1 20.50000
 S10                       ejected at     628579  3 16.50000
 S494                      ejected at     632421 11  9.50000
 S475                      ejected at     667589 12 31.50000
 S866                      ejected at     674462 12 19.50000
 S533                      ejected at     682953 10  6.50000
 S687                      ejected at     693176  7 24.50000
 S251                      ejected at     697261  7  8.50000
 S500                      ejected at     708321  4 18.50000
 S159                      ejected at     717341  1 20.50000
 S79                       ejected at     729199 10  2.50000
 S369                      ejected at     730622  5 15.50000
 S367                      ejected at     735348  7 17.50000
 S182                      ejected at     746362  8  6.50000
 S692                      ejected at     749477  3 28.50000
 S126                      ejected at     800374  8 28.50000
 S991                      ejected at     802183  1 16.50000
 S810                      ejected at     805960 10 22.50000
 S445                      ejected at     810707 10 17.50000
 S876                      ejected at     816355 10 27.50000
 S733                      ejected at     824463  8  1.50000
 S164                      ejected at     832917 12 19.50000
 S858                      ejected at     847653  8 27.50000
 S492                      ejected at     857283  6  3.50000
 S426                      ejected at     887629  7 24.50000
 S586                      ejected at     887906 11 30.50000
 S128                      ejected at     908380  2 28.50000
 S101                      ejected at     914365 10  9.50000
 S941                      ejected at     917755 11  6.50000
 S827                      ejected at     919007  8 15.50000
 S705                      ejected at     921227 10 15.50000
 S599                      ejected at     932307  1  2.50000
 S61                       ejected at     938411  3  2.50000
 S598                      ejected at     949758  2 23.50000
 S752                      ejected at     954876  8 30.50000
 S42                       ejected at     973593  7 18.50000
 S36                       ejected at     977998  4 16.50000
 S620                      ejected at     979290  4 22.50000
 S432                      ejected at     981708  2 26.50000
 S764                      ejected at     983097  2  3.50000
 S780                      ejected at     987617 12  4.50000
 S870                      ejected at     987787 12 13.50000
 S132                      ejected at     990149 12 10.50000
 S706                      ejected at     990151  4 24.50000
 S540                      ejected at     998389  5 26.50000
 S727                      ejected at    1008201 10 14.50000
 S340                      ejected at    1009845 11 24.50000
 S496                      ejected at    1022693 10 19.50000
 S902                      ejected at    1026147  9  2.50000
 S423                      ejected at    1036684  3 25.50000
 S825                      ejected at    1043880  4  9.50000
 S537                      ejected at    1048068  6 12.50000
 S245                      ejected at    1050733  4  3.50000
 S63                       ejected at    1058169  2 18.50000
 S514                      ejected at    1072352  4 25.50000
 S781                      ejected at    1084568  1 13.50000
 S937                      ejected at    1102158  7 16.50000
 S430                      ejected at    1116287 10 13.50000
 S311                      ejected at    1123448  3 25.50000
 S618                      ejected at    1124370  8 19.50000
 S171                      ejected at    1141554  1  4.50000
 S664                      ejected at    1141938  5 31.50000
 S74                       ejected at    1142115  1  3.50000
 S607                      ejected at    1147918  1  1.50000
 S261                      ejected at    1157121  3 15.50000
 S558                      ejected at    1157730 12  7.50000
 S415                      ejected at    1173082  5 18.50000
 S372                      ejected at    1189990  8  6.50000
 S850                      ejected at    1199827 11 24.50000
 S449                      ejected at    1200920 11 13.50000
 S6                        ejected at    1208378  8 27.50000
 S146                      ejected at    1210071 10 10.50000
 S335                      ejected at    1211389  7 12.50000
 S929                      ejected at    1217974  6 21.50000
 S501                      ejected at    1228209 11 11.50000
 S660                      ejected at    1238326 12 23.50000
 S688                      ejected at    1249905  8  2.50000
 S183                      ejected at    1250483  4 13.50000
 S450                      ejected at    1259982  3  6.50000
 S961                      ejected at    1262641 10 12.50000
 S571                      ejected at    1265672  8 22.50000
 S615                      ejected at    1276909  7 24.50000
 S631                      ejected at    1279578  3 14.50000
 S499                      ejected at    1284013  5  2.50000
 S304                      ejected at    1290012  5 12.50000
 S32                       ejected at    1294139 10  4.50000
 S370                      ejected at    1297785 10 29.50000
 S673                      ejected at    1299005  1  7.50000
 S124                      ejected at    1327594  7  8.50000
 S226                      ejected at    1348854  2  2.50000
 S914                      ejected at    1350910 10 22.50000
 S717                      ejected at    1353009  9  8.50000
 S744                      ejected at    1356368  7 20.50000
 S323                      ejected at    1364170  6 28.50000
 S931                      ejected at    1367642  9 14.50000
 S650                      ejected at    1368588  8 25.50000
 S956                      ejected at    1373453  2  2.50000
 S845                      ejected at    1383935 12 28.50000
 S236                      ejected at    1392038  1  1.50000
 S403                      ejected at    1413091  9  8.50000
 S252                      ejected at    1413137 12 16.50000
 S58                       ejected at    1425284  2 18.50000
 S96                       ejected at    1433021  3  9.50000
 S257                      ejected at    1458299  6 17.50000
 S333                      ejected at    1462081  8  8.50000
 S878                      ejected at    1473900  4 30.50000
 S380                      ejected at    1475298  1 10.50000
 S448                      ejected at    1475397  9  8.50000
 S259                      ejected at    1493648  4 20.50000
 S605                      ejected at    1500784  5 20.50000
 S50                       ejected at    1512074  2 21.50000
 S435                      ejected at    1512282 10  9.50000
 S566                      ejected at    1524037  6  5.50000
 S996                      ejected at    1524324 11 28.50000
 S281                      ejected at    1548867  7  4.50000
 S190                      ejected at    1554524  1  9.50000
 S15                       ejected at    1557883  2 28.50000
 S301                      ejected at    1560445  4 17.50000
 S749                      ejected at    1567664 11 17.50000
 S925                      ejected at    1583676 12 24.50000
 S674                      ejected at    1592618  6 10.50000
 S391                      ejected at    1608636  7 25.50000
 S343                      ejected at    1609602 10  9.50000
 S584                      ejected at    1611127  3 29.50000
 S824                      ejected at    1611803 10 11.50000
 S955                      ejected at    1618471  9  3.50000
 S158                      ejected at    1623730  2  5.50000
 S111                      ejected at    1629194  9  8.50000
 S486                      ejected at    1629870 12 13.50000
 S439                      ejected at    1631739 11  5.50000
 S170                      ejected at    1640219  6  2.50000
 S675                      ejected at    1641042  2 27.50000
 S822                      ejected at    1647430  3 30.50000
 S981                      ejected at    1649757  6 18.50000
 S574                      ejected at    1670627  2 28.50000
 S407                      ejected at    1677586 12  2.50000
 S782                      ejected at    1689262  3  5.50000
 S203                      ejected at    1709248 11 23.50000
 S117                      ejected at    1711393  3 23.50000
 S78                       ejected at    1713957  1  1.50000
 S479                      ejected at    1722006  6 13.50000
 S994                      ejected at    1729877  5 20.50000
 S862                      ejected at    1733002 12 24.50000
 S883                      ejected at    1736626  4 29.50000
 S792                      ejected at    1738224  9 18.50000
 S524                      ejected at    1746595  8  4.50000
 S188                      ejected at    1749895  1 16.50000
 S812                      ejected at    1761242  7 28.50000
 S771                      ejected at    1769168  4  7.50000
 S246                      ejected at    1782156  1 28.50000
 S913                      ejected at    1782813  6 12.50000
 S113                      ejected at    1784942  6 11.50000
 S412                      ejected at    1795642  9 24.50000
 S859                      ejected at    1800548 10 14.50000
 S46                       ejected at    1824104 12  1.50000
 S579                      ejected at    1825957  8 29.50000
 S237                      ejected at    1826062 10 17.50000
 S212                      ejected at    1834739 10  9.50000
 S882                      ejected at    1837509 12 26.50000
 S809                      ejected at    1842805  2  4.50000
 S156                      ejected at    1842850  4  9.50000
 S433                      ejected at    1849059  7 28.50000
 S239                      ejected at    1855340  4 30.50000
 S734                      ejected at    1858750  9  1.50000
 S453                      ejected at    1865089  6 20.50000
 S511                      ejected at    1867797  4  4.50000
 S798                      ejected at    1878112  8  6.50000
 S950                      ejected at    1913124 12 14.50000
 S857                      ejected at    1935339  7  5.50000
 S884                      ejected at    1936642 10  2.50000
 S951                      ejected at    1948601  8 28.50000
 S985                      ejected at    1951541 11 23.50000
 S992                      ejected at    1967406  2 24.50000
 S746                      ejected at    1976230  6  4.50000
 S476                      ejected at    1989942  9  7.50000
 S404                      ejected at    1991857  4 20.50000
 S324                      ejected at    1994481 11  9.50000
 S842                      ejected at    1995489  5 29.50000
 S105                      ejected at    2000809 12 25.50000
 S142                      ejected at    2001831  3 23.50000
 S258                      ejected at    2003541  1 17.50000
 S881                      ejected at    2012375  9 22.50000
 S993                      ejected at    2016997  8  1.50000
 S482                      ejected at    2043525  3  2.50000
 S399                      ejected at    2048671  1 23.50000
 S814                      ejected at    2055820  4 14.50000
 S485                      ejected at    2062708  8  2.50000
 S853                      ejected at    2074997  5 28.50000
 S197                      ejected at    2075301  4 25.50000
 S731                      ejected at    2089948  4 18.50000
 S85                       ejected at    2105957  8 29.50000
 S406                      ejected at    2132207  5  6.50000
 S300                      ejected at    2139988  3 14.50000
 S667                      ejected at    2154142  1 31.50000
 S130                      ejected at    2165255  4  1.50000
 S436                      ejected at    2172608  9 20.50000
 S892                      ejected at    2182466  7 21.50000
 S549                      ejected at    2188320  3 14.50000
 S874                      ejected at    2190657 10 28.50000
 S677                      ejected at    2194132  3 24.50000
 S265                      ejected at    2202002 11 21.50000
 S247                      ejected at    2204578  3  1.50000
 S778                      ejected at    2211711  7  5.50000
 S844                      ejected at    2225509  9 27.50000
 S495                      ejected at    2241140  3  5.50000
 S91                       ejected at    2244513  4 11.50000
 S546                      ejected at    2248457  7  3.50000
 S728                      ejected at    2251860 12 30.50000
 S616                      ejected at    2278807 10  2.50000
 S185                      ejected at    2282737  6 21.50000
 S610                      ejected at    2292774 11 29.50000
 S121                      ejected at    2309717  5  9.50000
 S16                       ejected at    2311031 10 28.50000
 S40                       ejected at    2315717 10  1.50000
 S390                      ejected at    2329508  1 16.50000
 S971                      ejected at    2339969  1 13.50000
 S83                       ejected at    2349112  7 20.50000
 S137                      ejected at    2359282  3 25.50000
 S181                      ejected at    2361035  8  3.50000
 S271                      ejected at    2363559  2 12.50000
 S567                      ejected at    2364671  4  3.50000
 S131                      ejected at    2374954  4 14.50000
 S919                      ejected at    2376195  5 18.50000
 S894                      ejected at    2378965  8  4.50000
 S589                      ejected at    2389198  7  9.50000
 S989                      ejected at    2392976  7 22.50000
 S987                      ejected at    2395831  8 25.50000
 S708                      ejected at    2402767  8  3.50000
 S497                      ejected at    2411318  1 26.50000
 S551                      ejected at    2421054  5  5.50000
 S889                      ejected at    2422563 10  1.50000
 S242                      ejected at    2432984 10  8.50000
 S783                      ejected at    2451715  5  5.50000
 S801                      ejected at    2465108 11 28.50000
 S753                      ejected at    2482234  7  8.50000
 S193                      ejected at    2490150  8 17.50000
 S940                      ejected at    2520652  7 21.50000
 S208                      ejected at    2561744  2 27.50000
 S872                      ejected at    2571192  9  3.50000
 S4                        ejected at    2577615  7 13.50000
 S173                      ejected at    2579342 11 16.50000
 S893                      ejected at    2583184  6  7.50000
 S394                      ejected at    2593957  1  1.50000
 S467                      ejected at    2616322  6  2.50000
 S923                      ejected at    2629254  2  5.50000
 S57                       ejected at    2637339  2 20.50000
 S800                      ejected at    2641638  3 14.50000
 S852                      ejected at    2654287  5  1.50000
 S195                      ejected at    2659192  4 16.50000
 S679                      ejected at    2660725  7  9.50000
 S21                       ejected at    2666039 10 18.50000
 S657                      ejected at    2682473  7 14.50000
 S622                      ejected at    2702160  6 15.50000
 S628                      ejected at    2702885 12 31.50000
 S177                      ejected at    2703873 11  2.50000
 S548                      ejected at    2708770  4 24.50000
 S291                      ejected at    2712283  1 17.50000
 S5                        ejected at    2738833  8 16.50000
 S331                      ejected at    2777231  9  4.50000
 S762                      ejected at    2783023  6 12.50000
 S82                       ejected at    2785306  4 24.50000
 S264                      ejected at    2791259  5  5.50000
 S155                      ejected at    2808815  5  8.50000
 S313                      ejected at    2809815  7  5.50000
 S611                      ejected at    2817683  2 26.50000
 S452                      ejected at    2825513  4 19.50000
 S736                      ejected at    2841495  1  3.50000
 S383                      ejected at    2844703  7 25.50000
 S216                      ejected at    2853781  8 21.50000
 S794                      ejected at    2881829  1 12.50000
 S357                      ejected at    2917183 11 25.50000
 S597                      ejected at    2926590  7 11.50000
 S747                      ejected at    2930397  8  2.50000
 S901                      ejected at    2932887  6  9.50000
 S169                      ejected at    2933250 10  4.50000
 S789                      ejected at    2975258  3 11.50000
 S319                      ejected at    2982726  2  9.50000
 S73                       ejected at    2987860  3 25.50000
 S55                       ejected at    2988215  8 12.50000
 S122                      ejected at    3009528  4 20.50000
 S918                      ejected at    3018929  6 14.50000
 S606                      ejected at    3021029  9 13.50000
 S321                      ejected at    3021070 10  8.50000
 S120                      ejected at    3031983  7  9.50000
 S545                      ejected at    3038044  9 11.50000
 S285                      ejected at    3052105  3 21.50000
 S320                      ejected at    3063286  7 22.50000
 S463                      ejected at    3096038  3 22.50000
 S573                      ejected at    3103343  7  4.50000
 S334                      ejected at    3104165 12 21.50000
 S513                      ejected at    3114412  1 16.50000
 S869                      ejected at    3116455  5  5.50000
 S39                       ejected at    3117933  4  7.50000
 S982                      ejected at    3127983  7 29.50000
 S401                      ejected at    3128649  9 15.50000
 S87                       ejected at    3139408  8  2.50000
 S591                      ejected at    3144169 10 21.50000
 S978                      ejected at    3155364 10 31.50000
 S836                      ejected at    3167921  2 24.50000
 S290                      ejected at    3179106 11 14.50000
 S266                      ejected at    3181407  7 14.50000
 S342                      ejected at    3186522  6 28.50000
 S685                      ejected at    3202316 12  5.50000
 S478                      ejected at    3226370  4  6.50000
 S1000                     ejected at    3229298  6 14.50000
 S398                      ejected at    3274782 10  3.50000
 S140                      ejected at    3296058 10  3.50000
 S431                      ejected at    3310103  2 15.50000
 S665                      ejected at    3343012  6 29.50000
 S562                      ejected at    3344402  4  3.50000
 S71                       ejected at    3353742 11 24.50000
 S990                      ejected at    3354038  8  4.50000
 S668                      ejected at    3361501  7 31.50000
 S776                      ejected at    3376828 12  5.50000
 S765                      ejected at    3382254 11 30.50000
 S43                       ejected at    3394751  4  9.50000
 S382                      ejected at    3397495  3 14.50000
 S557                      ejected at    3401282  4  9.50000
 S68                       ejected at    3415730 10  3.50000
 S366                      ejected at    3427799  6 13.50000
 S740                      ejected at    3428143  1 21.50000
 S198                      ejected at    3430058  6 30.50000
 S861                      ejected at    3430558  9 17.50000
 S329                      ejected at    3446213 10 16.50000
 S556                      ejected at    3457604  7 30.50000
 S953                      ejected at    3460860  6 30.50000
 S624                      ejected at    3485016 10 11.50000
 S491                      ejected at    3487592  1 20.50000
 S837                      ejected at    3489999 10  8.50000
 S627                      ejected at    3496674 10 14.50000
 S196                      ejected at    3596849 11 15.50000
 S508                      ejected at    3597650 12 26.50000
 S123                      ejected at    3598594  3 12.50000
 S648                      ejected at    3616676  6  5.50000
 S621                      ejected at    3625604  3 12.50000
 S231                      ejected at    3658761  1 26.50000
 S830                      ejected at    3661899  4  5.50000
 S413                      ejected at    3663223  4 24.50000
 S206                      ejected at    3665890  1 12.50000
 S19                       ejected at    3673233 12  2.50000
 S161                      ejected at    3683298  6 19.50000
 S462                      ejected at    3691639 10 10.50000
 S384                      ejected at    3700956  8  6.50000
 S908                      ejected at    3711696  1 14.50000
 S243                      ejected at    3721096 11 30.50000
 S915                      ejected at    3731718  8 17.50000
 S904                      ejected at    3745915  7  1.50000
 S588                      ejected at    3754409  7 30.50000
 S168                      ejected at    3767783  6  7.50000
 S76                       ejected at    3768935  7 18.50000
 S602                      ejected at    3793130  2 26.50000
 S178                      ejected at    3809528  7 29.50000
 S787                      ejected at    3825918  3 27.50000
 S578                      ejected at    3867214 11 27.50000
 S995                      ejected at    3869414  4  8.50000
 S397                      ejected at    3883936 12 12.50000
 S253                      ejected at    3891428  2 19.50000
 S151                      ejected at    3917845  2  7.50000
 S66                       ejected at    3930273  4 14.50000
 S763                      ejected at    3963285 11 14.50000
 S318                      ejected at    3966048 12 19.50000
 S600                      ejected at    3973061  1  8.50000
 S646                      ejected at    3980942  2  1.50000
 S986                      ejected at    4000580  7 18.50000
 S972                      ejected at    4004839  8 20.50000
 S945                      ejected at    4011482  1 26.50000
 S636                      ejected at    4019192  1  7.50000
 S582                      ejected at    4022855 11 19.50000
 S742                      ejected at    4063215  5 16.50000
 S542                      ejected at    4094245 12 27.50000
 S877                      ejected at    4108631  7  2.50000
 S539                      ejected at    4131272  8 14.50000
 S86                       ejected at    4135022  6 17.50000
 S469                      ejected at    4148129 11 30.50000
 S871                      ejected at    4198671 12 14.50000
 S441                      ejected at    4207404  3 26.50000
 S336                      ejected at    4239615 12 25.50000
 S609                      ejected at    4337541  5  2.50000
 S694                      ejected at    4343165  4  8.50000
 S51                       ejected at    4352341  2  2.50000
 S102                      ejected at    4360658  4 21.50000
 S332                      ejected at    4365727  7 16.50000
 S233                      ejected at    4386976  9 15.50000
 S371                      ejected at    4404123  2 15.50000
 S355                      ejected at    4420705 10 22.50000
 S106                      ejected at    4437738  4 29.50000
 S720                      ejected at    4455163  6 18.50000
 S612                      ejected at    4473132  5  6.50000
 S12                       ejected at    4486996 10 30.50000
 S429                      ejected at    4496725 12 26.50000
 S530                      ejected at    4508428  8 14.50000
 S227                      ejected at    4511636  8 16.50000
 S921                      ejected at    4525449 11 30.50000
 S115                      ejected at    4560987 12 12.50000
 S952                      ejected at    4576629  5  3.50000
 S865                      ejected at    4583978 12 22.50000
 S828                      ejected at    4598440  8  6.50000
 S454                      ejected at    4609937  5  6.50000
 S743                      ejected at    4612359 11  5.50000
 S89                       ejected at    4614393  1  5.50000
 S590                      ejected at    4621680  7  1.50000
 S774                      ejected at    4622852  1 19.50000
 S839                      ejected at    4665536 11  4.50000
 S353                      ejected at    4670799  8 25.50000
 S209                      ejected at    4686160  2 16.50000
 S27                       ejected at    4706435  2 24.50000
 S932                      ejected at    4734551  7 16.50000
 S484                      ejected at    4740368 10  8.50000
 S149                      ejected at    4742985  2 10.50000
 S176                      ejected at    4748687 11 25.50000
 S179                      ejected at    4752015  4 12.50000
 S715                      ejected at    4757279  6 14.50000
 S458                      ejected at    4771293  6  5.50000
 S959                      ejected at    4826767  7 14.50000
 S408                      ejected at    4841849  7 26.50000
 S962                      ejected at    4877922  4 25.50000
 S795                      ejected at    4888293  3 25.50000
 S37                       ejected at    4888773  6 17.50000
 S228                      ejected at    4895588  2 10.50000
 S229                      ejected at    4898665 10 16.50000
 S834                      ejected at    4938880  3  2.50000
 S26                       ejected at    4942192 10  5.50000
 S230                      ejected at    4965971 10  5.50000
 S378                      ejected at    4988665 12 30.50000
 S240                      ejected at    5020150  7 23.50000
 S444                      ejected at    5054399  1 14.50000
 S639                      ejected at    5055022  6 17.50000
 S964                      ejected at    5066510  6 11.50000
 S64                       ejected at    5067832  1 12.50000
 S680                      ejected at    5070368  2 26.50000
 S493                      ejected at    5087506  5 11.50000
 S330                      ejected at    5092817 11 23.50000
 S544                      ejected at    5095706  5 22.50000
 S104                      ejected at    5095980  9 22.50000
 S933                      ejected at    5148165  7  4.50000
 S470                      ejected at    5173400 10 18.50000
 S790                      ejected at    5183011  5 26.50000
 S553                      ejected at    5254639 12 22.50000
 S84                       ejected at    5274466  7 11.50000
 S107                      ejected at    5274855  4 23.50000
 S817                      ejected at    5365805  1  8.50000
 S984                      ejected at    5376035  3 18.50000
 S477                      ejected at    5456289  4 15.50000
 S905                      ejected at    5465061  4  8.50000
 S626                      ejected at    5480147  9  7.50000
 S425                      ejected at    5494253  5 19.50000
 S139                      ejected at    5608384  2 17.50000
 S459                      ejected at    5641245  4 23.50000
 S851                      ejected at    5654076  3 27.50000
 S93                       ejected at    5655680  5 17.50000
 S49                       ejected at    5666112 11 24.50000
 S443                      ejected at    5694339 11 25.50000
 S899                      ejected at    5703449  6 18.50000
 S25                       ejected at    5731252  8 19.50000
 S263                      ejected at    5752268  4  5.50000
 S967                      ejected at    5778381  8  6.50000
 S150                      ejected at    5784179 12  8.50000
 S767                      ejected at    5821773 11 11.50000
 S625                      ejected at    5849884  3 24.50000
 S803                      ejected at   -5884200 -7 ********
 S80                       ejected at   -5884200 -7 ********
 S958                      ejected at   -5884200 -7 ********
 S786                      ejected at   -5884200 -7 ********
 S127                      ejected at   -5884200 -7 ********
 S268                      ejected at   -5884200 -7 ********
 S481                      ejected at   -5884200 -7 ********
 S608                      ejected at   -5884200 -7 ********
 S94                       ejected at   -5884200 -7 ********
 S180                      ejected at   -5884200 -7 ********
 S525                      ejected at   -5884200 -7 ********
 S645                      ejected at   -5884200 -7 ********
 S651                      ejected at   -5884200 -7 ********
 S327                      ejected at   -5884200 -7 ********
 S440                      ejected at   -5884200 -7 ********
 S963                      ejected at   -5884200 -7 ********
 S53                       ejected at   -5884200 -7 ********
 S581                      ejected at   -5884200 -7 ********
 S44                       ejected at   -5884200 -7 ********
 S799                      ejected at   -5884200 -7 ********
 S24                       ejected at   -5884200 -7 ********
 S691                      ejected at   -5884200 -7 ********
 S202                      ejected at   -5884200 -7 ********
 S65                       ejected at   -5884200 -7 ********
 S31                       ejected at   -5884200 -7 ********
 S922                      ejected at   -5884200 -7 ********
 S841                      ejected at   -5884200 -7 ********
 S3                        ejected at   -5884200 -7 ********
 S456                      ejected at   -5884200 -7 ********
 S811                      ejected at   -5884200 -7 ********
 S656                      ejected at   -5884200 -7 ********
 S315                      ejected at   -5884200 -7 ********
 S254                      ejected at   -5884200 -7 ********
 S697                      ejected at   -5884200 -7 ********
 S352                      ejected at   -5884200 -7 ********
 S387                      ejected at   -5884200 -7 ********
 S302                      ejected at   -5884200 -7 ********
 S368                      ejected at   -5884200 -7 ********
 S936                      ejected at   -5884200 -7 ********
 S392                      ejected at   -5884200 -7 ********
 S653                      ejected at   -5884200 -7 ********
 S100                      ejected at   -5884200 -7 ********
 S775                      ejected at   -5884200 -7 ********
 S67                       ejected at   -5884200 -7 ********
 S295                      ejected at   -5884200 -7 ********
 S886                      ejected at   -5884200 -7 ********
 S471                      ejected at   -5884200 -7 ********
 S714                      ejected at   -5884200 -7 ********
 S944                      ejected at   -5884200 -7 ********
 S395                      ejected at   -5884200 -7 ********
 S163                      ejected at   -5884200 -7 ********
 S682                      ejected at   -5884200 -7 ********
 S595                      ejected at   -5884200 -7 ********
 S54                       ejected at   -5884200 -7 ********
 S75                       ejected at   -5884200 -7 ********
 S769                      ejected at   -5884200 -7 ********
 S194                      ejected at   -5884200 -7 ********
 S307                      ejected at   -5884200 -7 ********
 S849                      ejected at   -5884200 -7 ********
 S826                      ejected at   -5884200 -7 ********
 S109                      ejected at   -5884200 -7 ********
 S690                      ejected at   -5884200 -7 ********
 S617                      ejected at   -5884200 -7 ********
 S906                      ejected at   -5884200 -7 ********
 S555                      ejected at   -5884200 -7 ********
 S564                      ejected at   -5884200 -7 ********
 S292                      ejected at   -5884200 -7 ********
 S421                      ejected at   -5884200 -7 ********
 S282                      ejected at   -5884200 -7 ********
 S134                      ejected at   -5884200 -7 ********
 S483                      ejected at   -5884200 -7 ********
 S699                      ejected at   -5884200 -7 ********
 S729                      ejected at   -5884200 -7 ********
 S256                      ejected at   -5884200 -7 ********
 S56                       ejected at   -5884200 -7 ********
 S888                      ejected at   -5884200 -7 ********
 S241                      ejected at   -5884200 -7 ********
 S716                      ejected at   -5884200 -7 ********
 S174                      ejected at   -5884200 -7 ********
 S938                      ejected at   -5884200 -7 ********
 S515                      ejected at   -5884200 -7 ********
 S328                      ejected at   -5884200 -7 ********
 S975                      ejected at   -5884200 -7 ********
 S306                      ejected at   -5884200 -7 ********
 S541                      ejected at   -5884200 -7 ********
 S880                      ejected at   -5884200 -7 ********
 S220                      ejected at   -5884200 -7 ********
 S518                      ejected at   -5884200 -7 ********
 S218                      ejected at   -5884200 -7 ********
 S519                      ejected at   -5884200 -7 ********
 S649                      ejected at   -5884200 -7 ********
 S60                       ejected at   -5884200 -7 ********
 S658                      ejected at   -5884200 -7 ********
 S250                      ejected at   -5884200 -7 ********
 S864                      ejected at   -5884200 -7 ********
 S928                      ejected at   -5884200 -7 ********
 S283                      ejected at   -5884200 -7 ********
 S934                      ejected at   -5884200 -7 ********
 S560                      ejected at   -5884200 -7 ********
 S438                      ejected at   -5884200 -7 ********
 S232                      ejected at   -5884200 -7 ********
 S832                      ejected at   -5884200 -7 ********
 S669                      ejected at   -5884200 -7 ********
 S17                       ejected at   -5884200 -7 ********
 S709                      ejected at   -5884200 -7 ********
 S277                      ejected at   -5884200 -7 ********
 S833                      ejected at   -5884200 -7 ********
 S689                      ejected at   -5884200 -7 ********
 S891                      ejected at   -5884200 -7 ********
 S942                      ejected at   -5884200 -7 ********
 S831                      ejected at   -5884200 -7 ********
 S503                      ejected at   -5884200 -7 ********
 S619                      ejected at   -5884200 -7 ********
 S796                      ejected at   -5884200 -7 ********
 S92                       ejected at   -5884200 -7 ********
 S772                      ejected at   -5884200 -7 ********
 S455                      ejected at   -5884200 -7 ********
 S153                      ejected at   -5884200 -7 ********
 S670                      ejected at   -5884200 -7 ********
 S273                      ejected at   -5884200 -7 ********
 S755                      ejected at   -5884200 -7 ********
 S118                      ejected at   -5884200 -7 ********
 S536                      ejected at   -5884200 -7 ********
 S348                      ejected at   -5884200 -7 ********
 S710                      ejected at   -5884200 -7 ********
 S818                      ejected at   -5884200 -7 ********
 S70                       ejected at   -5884200 -7 ********
 S946                      ejected at   -5884200 -7 ********
 S565                      ejected at   -5884200 -7 ********
 S603                      ejected at   -5884200 -7 ********
 S414                      ejected at   -5884200 -7 ********
 S766                      ejected at   -5884200 -7 ********
 S8                        ejected at   -5884200 -7 ********
 S409                      ejected at   -5884200 -7 ********
 S900                      ejected at   -5884200 -7 ********
 S592                      ejected at   -5884200 -7 ********
 S269                      ejected at   -5884200 -7 ********
 S947                      ejected at   -5884200 -7 ********
 S309                      ejected at   -5884200 -7 ********
 S721                      ejected at   -5884200 -7 ********
 S374                      ejected at   -5884200 -7 ********
 S299                      ejected at   -5884200 -7 ********
 S860                      ejected at   -5884200 -7 ********
 S754                      ejected at   -5884200 -7 ********
 S400                      ejected at   -5884200 -7 ********
 S345                      ejected at   -5884200 -7 ********
 S587                      ejected at   -5884200 -7 ********
 S365                      ejected at   -5884200 -7 ********
 S358                      ejected at   -5884200 -7 ********
 S638                      ejected at   -5884200 -7 ********
 S41                       ejected at   -5884200 -7 ********
 S184                      ejected at   -5884200 -7 ********
 S698                      ejected at   -5884200 -7 ********
 S199                      ejected at   -5884200 -7 ********
 S502                      ejected at   -5884200 -7 ********
 S704                      ejected at   -5884200 -7 ********
 S213                      ejected at   -5884200 -7 ********
 S523                      ejected at   -5884200 -7 ********
 S276                      ejected at   -5884200 -7 ********
 S381                      ejected at   -5884200 -7 ********
 S954                      ejected at   -5884200 -7 ********
 S757                      ejected at   -5884200 -7 ********
 S527                      ejected at   -5884200 -7 ********
 S143                      ejected at   -5884200 -7 ********
 S526                      ejected at   -5884200 -7 ********
 S489                      ejected at   -5884200 -7 ********
 S678                      ejected at   -5884200 -7 ********
 S129                      ejected at   -5884200 -7 ********
 S847                      ejected at   -5884200 -7 ********
 S980                      ejected at   -5884200 -7 ********
 S741                      ejected at   -5884200 -7 ********
 S376                      ejected at   -5884200 -7 ********
 S724                      ejected at   -5884200 -7 ********
 S867                      ejected at   -5884200 -7 ********
 S11                       ejected at   -5884200 -7 ********
 S700                      ejected at   -5884200 -7 ********
 S632                      ejected at   -5884200 -7 ********
 S552                      ejected at   -5884200 -7 ********
 S148                      ejected at   -5884200 -7 ********
 S38                       ejected at   -5884200 -7 ********
 S347                      ejected at   -5884200 -7 ********
 S630                      ejected at   -5884200 -7 ********
 S863                      ejected at   -5884200 -7 ********
 S498                      ejected at   -5884200 -7 ********
 S272                      ejected at   -5884200 -7 ********
 S396                      ejected at   -5884200 -7 ********
 S957                      ejected at   -5884200 -7 ********
 S488                      ejected at   -5884200 -7 ********
 S166                      ejected at   -5884200 -7 ********
 S416                      ejected at   -5884200 -7 ********
 S135                      ejected at   -5884200 -7 ********
 S815                      ejected at   -5884200 -7 ********
 S719                      ejected at   -5884200 -7 ********
 S310                      ejected at   -5884200 -7 ********
 S997                      ejected at   -5884200 -7 ********
 S192                      ejected at   -5884200 -7 ********
 S659                      ejected at   -5884200 -7 ********
 S684                      ejected at   -5884200 -7 ********
 S529                      ejected at   -5884200 -7 ********
 S642                      ejected at   -5884200 -7 ********
 S761                      ejected at   -5884200 -7 ********
 S712                      ejected at   -5884200 -7 ********
 S813                      ejected at   -5884200 -7 ********
 S34                       ejected at   -5884200 -7 ********
 S437                      ejected at   -5884200 -7 ********
 S224                      ejected at   -5884200 -7 ********
 S442                      ejected at   -5884200 -7 ********
 S337                      ejected at   -5884200 -7 ********
 S361                      ejected at   -5884200 -7 ********
 S154                      ejected at   -5884200 -7 ********
 S377                      ejected at   -5884200 -7 ********
 S854                      ejected at   -5884200 -7 ********
 S289                      ejected at   -5884200 -7 ********
 S509                      ejected at   -5884200 -7 ********
 S759                      ejected at   -5884200 -7 ********
 S466                      ejected at   -5884200 -7 ********
 S652                      ejected at   -5884200 -7 ********
 S28                       ejected at   -5884200 -7 ********
 S948                      ejected at   -5884200 -7 ********
 S695                      ejected at   -5884200 -7 ********
 S707                      ejected at   -5884200 -7 ********
 S314                      ejected at   -5884200 -7 ********
 S339                      ejected at   -5884200 -7 ********
 S419                      ejected at   -5884200 -7 ********
 S350                      ejected at   -5884200 -7 ********
 S424                      ejected at   -5884200 -7 ********
 S976                      ejected at   -5884200 -7 ********
 S375                      ejected at   -5884200 -7 ********
 S528                      ejected at   -5884200 -7 ********
 S510                      ejected at   -5884200 -7 ********
 S580                      ejected at   -5884200 -7 ********
 S69                       ejected at   -5884200 -7 ********
 S711                      ejected at   -5884200 -7 ********
 S506                      ejected at   -5884200 -7 ********
 S756                      ejected at   -5884200 -7 ********
 S294                      ejected at   -5884200 -7 ********
 S735                      ejected at   -5884200 -7 ********
 S434                      ejected at   -5884200 -7 ********
 S751                      ejected at   -5884200 -7 ********
 S634                      ejected at   -5884200 -7 ********
 S748                      ejected at   -5884200 -7 ********
 S924                      ejected at   -5884200 -7 ********
 S570                      ejected at   -5884200 -7 ********
 S550                      ejected at   -5884200 -7 ********
 S405                      ejected at   -5884200 -7 ********
 S410                      ejected at   -5884200 -7 ********
 S116                      ejected at   -5884200 -7 ********
 S829                      ejected at   -5884200 -7 ********
 S45                       ejected at   -5884200 -7 ********
 S14                       ejected at   -5884200 -7 ********
                           was hit by S402                      at   -5884200 -7 ****
 S750                      ejected at   -5884200 -7 ********
 S420                      ejected at   -5884200 -7 ********
 S62                       ejected at   -5884200 -7 ********
 S461                      ejected at   -5884200 -7 ********
 S112                      ejected at   -5884200 -7 ********
 S730                      ejected at   -5884200 -7 ********
 S108                      ejected at   -5884200 -7 ********
 S20                       ejected at   -5884200 -7 ********
 S152                      ejected at   -5884200 -7 ********
 S349                      ejected at   -5884200 -7 ********
 S136                      ejected at   -5884200 -7 ********
 S960                      ejected at   -5884200 -7 ********
 S22                       ejected at   -5884200 -7 ********
 S167                      ejected at   -5884200 -7 ********
 S210                      ejected at   -5884200 -7 ********
 S614                      ejected at   -5884200 -7 ********
 S248                      ejected at   -5884200 -7 ********
 S806                      ejected at   -5884200 -7 ********
 S35                       ejected at   -5884200 -7 ********
 S640                      ejected at   -5884200 -7 ********
 S157                      ejected at   -5884200 -7 ********
 S341                      ejected at   -5884200 -7 ********
 S725                      ejected at   -5884200 -7 ********
 S160                      ejected at   -5884200 -7 ********
 S593                      ejected at   -5884200 -7 ********
 S896                      ejected at   -5884200 -7 ********
 S275                      ejected at   -5884200 -7 ********
 S927                      ejected at   -5884200 -7 ********
 S623                      ejected at   -5884200 -7 ********
 S225                      ejected at   -5884200 -7 ********
 S125                      ejected at   -5884200 -7 ********
 S141                      ejected at   -5884200 -7 ********
 S532                      ejected at   -5884200 -7 ********
 S970                      ejected at   -5884200 -7 ********
 S446                      ejected at   -5884200 -7 ********
 S487                      ejected at   -5884200 -7 ********
 S422                      ejected at   -5884200 -7 ********
 S451                      ejected at   -5884200 -7 ********
 S373                      ejected at   -5884200 -7 ********
 S969                      ejected at   -5884200 -7 ********
 S344                      ejected at   -5884200 -7 ********
 S200                      ejected at   -5884200 -7 ********
 S522                      ejected at   -5884200 -7 ********
 S473                      ejected at   -5884200 -7 ********
 S385                      ejected at   -5884200 -7 ********
 S805                      ejected at   -5884200 -7 ********
 S204                      ejected at   -5884200 -7 ********
 S411                      ejected at   -5884200 -7 ********
 S629                      ejected at   -5884200 -7 ********
 S907                      ejected at   -5884200 -7 ********
 S52                       ejected at   -5884200 -7 ********
 S758                      ejected at   -5884200 -7 ********
 S979                      ejected at   -5884200 -7 ********
 S97                       ejected at   -5884200 -7 ********
 S561                      ejected at   -5884200 -7 ********
 S873                      ejected at   -5884200 -7 ********
 S856                      ejected at   -5884200 -7 ********
 S966                      ejected at   -5884200 -7 ********
 S576                      ejected at   -5884200 -7 ********
 S99                       ejected at   -5884200 -7 ********
 S696                      ejected at   -5884200 -7 ********
 S270                      ejected at   -5884200 -7 ********
 S286                      ejected at   -5884200 -7 ********
 S222                      ejected at   -5884200 -7 ********
 S298                      ejected at   -5884200 -7 ********
 S868                      ejected at   -5884200 -7 ********
 S189                      ejected at   -5884200 -7 ********
 S637                      ejected at   -5884200 -7 ********
 S1                        ejected at   -5884200 -7 ********
 S162                      ejected at   -5884200 -7 ********
 S465                      ejected at   -5884200 -7 ********
 S974                      ejected at   -5884200 -7 ********
 S543                      ejected at   -5884200 -7 ********
 S713                      ejected at   -5884200 -7 ********
 S643                      ejected at   -5884200 -7 ********
 S779                      ejected at   -5884200 -7 ********
 S663                      ejected at   -5884200 -7 ********
 S7                        ejected at   -5884200 -7 ********
 S666                      ejected at   -5884200 -7 ********
 S33                       ejected at   -5884200 -7 ********
 S175                      ejected at   -5884200 -7 ********
 S635                      ejected at   -5884200 -7 ********
 S965                      ejected at   -5884200 -7 ********
 S572                      ejected at   -5884200 -7 ********
 S219                      ejected at   -5884200 -7 ********
 S788                      ejected at   -5884200 -7 ********
 S47                       ejected at   -5884200 -7 ********
 S205                      ejected at   -5884200 -7 ********
 S287                      ejected at   -5884200 -7 ********
 S393                      ejected at   -5884200 -7 ********
 S802                      ejected at   -5884200 -7 ********
 S718                      ejected at   -5884200 -7 ********
 S214                      ejected at   -5884200 -7 ********
 S644                      ejected at   -5884200 -7 ********
 S895                      ejected at   -5884200 -7 ********
 S114                      ejected at   -5884200 -7 ********
 S308                      ejected at   -5884200 -7 ********
 S535                      ejected at   -5884200 -7 ********
 S293                      ejected at   -5884200 -7 ********
 S418                      ejected at   -5884200 -7 ********
 S791                      ejected at   -5884200 -7 ********
 S897                      ejected at   -5884200 -7 ********
 S507                      ejected at   -5884200 -7 ********
 S594                      ejected at   -5884200 -7 ********
 S521                      ejected at   -5884200 -7 ********
 S785                      ejected at   -5884200 -7 ********
 S583                      ejected at   -5884200 -7 ********
 S490                      ejected at   -5884200 -7 ********

   Integration complete.

   Fractional energy change due to integrator:   3.30213E-04
   Fractional angular momentum change:           7.40458E-12

   Fractional energy change due to collisions/ejections:  5.22216E-05
   Fractional angular momentum change:                    1.43284E-02
